{"timestamp":"2026-03-17T21:44:35.179834Z","level":"info","event":"DAG bundles loaded: dags-folder","logger":"airflow.dag_processing.bundles.manager.DagBundlesManager","filename":"manager.py","lineno":179}
{"timestamp":"2026-03-17T21:44:35.180168Z","level":"info","event":"Filling up the DagBag from /opt/airflow/dags/retail_etl_dag.py","logger":"airflow.models.dagbag.BundleDagBag","filename":"dagbag.py","lineno":593}
{"timestamp":"2026-03-17T21:44:35.184225Z","level":"warning","event":"The `airflow.operators.bash.BashOperator` attribute is deprecated. Please use `'airflow.providers.standard.operators.bash.BashOperator'`.","category":"DeprecatedImportWarning","filename":"/opt/airflow/dags/retail_etl_dag.py","lineno":3,"logger":"py.warnings"}
{"timestamp":"2026-03-17T21:44:35.184994Z","level":"info","event":"Stats instance was created in PID 6 but accessed in PID 278. Re-initializing.","logger":"airflow.stats","filename":"stats.py","lineno":57}
{"timestamp":"2026-03-17T21:44:35.194988Z","level":"info","event":"Tmp dir root location: /tmp","logger":"airflow.task.hooks.airflow.providers.standard.hooks.subprocess.SubprocessHook","filename":"subprocess.py","lineno":78}
{"timestamp":"2026-03-17T21:44:35.195464Z","level":"info","event":"Running command: ['/usr/bin/bash', '-c', 'cd /opt/airflow && python spark_jobs/build_aggregates.py']","logger":"airflow.task.hooks.airflow.providers.standard.hooks.subprocess.SubprocessHook","filename":"subprocess.py","lineno":80}
{"timestamp":"2026-03-17T21:44:35.196326Z","level":"info","event":"Output:","logger":"airflow.task.hooks.airflow.providers.standard.hooks.subprocess.SubprocessHook","filename":"subprocess.py","lineno":92}
{"timestamp":"2026-03-17T21:44:35.334116Z","level":"info","event":"/home/airflow/.local/lib/python3.12/site-packages/pyspark/bin/load-spark-env.sh: line 68: ps: command not found","logger":"airflow.task.hooks.airflow.providers.standard.hooks.subprocess.SubprocessHook","filename":"subprocess.py","lineno":99}
{"timestamp":"2026-03-17T21:44:35.822673Z","level":"info","event":"Setting default log level to \"WARN\".","logger":"airflow.task.hooks.airflow.providers.standard.hooks.subprocess.SubprocessHook","filename":"subprocess.py","lineno":99}
{"timestamp":"2026-03-17T21:44:35.822751Z","level":"info","event":"To adjust logging level use sc.setLogLevel(newLevel). For SparkR, use setLogLevel(newLevel).","logger":"airflow.task.hooks.airflow.providers.standard.hooks.subprocess.SubprocessHook","filename":"subprocess.py","lineno":99}
{"timestamp":"2026-03-17T21:44:35.877813Z","level":"info","event":"26/03/17 21:44:35 WARN NativeCodeLoader: Unable to load native-hadoop library for your platform... using builtin-java classes where applicable","logger":"airflow.task.hooks.airflow.providers.standard.hooks.subprocess.SubprocessHook","filename":"subprocess.py","lineno":99}
{"timestamp":"2026-03-17T21:44:39.233812Z","level":"info","event":"Starting aggregate build job...","logger":"airflow.task.hooks.airflow.providers.standard.hooks.subprocess.SubprocessHook","filename":"subprocess.py","lineno":99}
{"timestamp":"2026-03-17T21:44:39.234110Z","level":"info","event":"Monthly sales:","logger":"airflow.task.hooks.airflow.providers.standard.hooks.subprocess.SubprocessHook","filename":"subprocess.py","lineno":99}
{"timestamp":"2026-03-17T21:44:39.234167Z","level":"info","event":"+---------+-----------+------------+--------------+","logger":"airflow.task.hooks.airflow.providers.standard.hooks.subprocess.SubprocessHook","filename":"subprocess.py","lineno":99}
{"timestamp":"2026-03-17T21:44:39.234207Z","level":"info","event":"|month_num|total_sales|total_profit|total_quantity|","logger":"airflow.task.hooks.airflow.providers.standard.hooks.subprocess.SubprocessHook","filename":"subprocess.py","lineno":99}
{"timestamp":"2026-03-17T21:44:39.234242Z","level":"info","event":"+---------+-----------+------------+--------------+","logger":"airflow.task.hooks.airflow.providers.standard.hooks.subprocess.SubprocessHook","filename":"subprocess.py","lineno":99}
{"timestamp":"2026-03-17T21:44:39.234274Z","level":"info","event":"|        1|     1770.0|       390.0|            15|","logger":"airflow.task.hooks.airflow.providers.standard.hooks.subprocess.SubprocessHook","filename":"subprocess.py","lineno":99}
{"timestamp":"2026-03-17T21:44:39.234304Z","level":"info","event":"|        2|     1800.0|       350.0|            13|","logger":"airflow.task.hooks.airflow.providers.standard.hooks.subprocess.SubprocessHook","filename":"subprocess.py","lineno":99}
{"timestamp":"2026-03-17T21:44:39.234333Z","level":"info","event":"|        3|     2230.0|       410.0|            18|","logger":"airflow.task.hooks.airflow.providers.standard.hooks.subprocess.SubprocessHook","filename":"subprocess.py","lineno":99}
{"timestamp":"2026-03-17T21:44:39.234361Z","level":"info","event":"|        4|     1510.0|       305.0|            11|","logger":"airflow.task.hooks.airflow.providers.standard.hooks.subprocess.SubprocessHook","filename":"subprocess.py","lineno":99}
{"timestamp":"2026-03-17T21:44:39.234388Z","level":"info","event":"+---------+-----------+------------+--------------+","logger":"airflow.task.hooks.airflow.providers.standard.hooks.subprocess.SubprocessHook","filename":"subprocess.py","lineno":99}
{"timestamp":"2026-03-17T21:44:39.234417Z","level":"info","event":"","logger":"airflow.task.hooks.airflow.providers.standard.hooks.subprocess.SubprocessHook","filename":"subprocess.py","lineno":99}
{"timestamp":"2026-03-17T21:44:39.234445Z","level":"info","event":"Category sales:","logger":"airflow.task.hooks.airflow.providers.standard.hooks.subprocess.SubprocessHook","filename":"subprocess.py","lineno":99}
{"timestamp":"2026-03-17T21:44:39.234473Z","level":"info","event":"+---------------+-----------+------------+--------------+","logger":"airflow.task.hooks.airflow.providers.standard.hooks.subprocess.SubprocessHook","filename":"subprocess.py","lineno":99}
{"timestamp":"2026-03-17T21:44:39.234499Z","level":"info","event":"|       category|total_sales|total_profit|total_quantity|","logger":"airflow.task.hooks.airflow.providers.standard.hooks.subprocess.SubprocessHook","filename":"subprocess.py","lineno":99}
{"timestamp":"2026-03-17T21:44:39.234530Z","level":"info","event":"+---------------+-----------+------------+--------------+","logger":"airflow.task.hooks.airflow.providers.standard.hooks.subprocess.SubprocessHook","filename":"subprocess.py","lineno":99}
{"timestamp":"2026-03-17T21:44:39.234556Z","level":"info","event":"|      Furniture|     3600.0|       580.0|             7|","logger":"airflow.task.hooks.airflow.providers.standard.hooks.subprocess.SubprocessHook","filename":"subprocess.py","lineno":99}
{"timestamp":"2026-03-17T21:44:39.234582Z","level":"info","event":"|Office Supplies|      460.0|       105.0|            39|","logger":"airflow.task.hooks.airflow.providers.standard.hooks.subprocess.SubprocessHook","filename":"subprocess.py","lineno":99}
{"timestamp":"2026-03-17T21:44:39.234608Z","level":"info","event":"|     Technology|     3250.0|       770.0|            11|","logger":"airflow.task.hooks.airflow.providers.standard.hooks.subprocess.SubprocessHook","filename":"subprocess.py","lineno":99}
{"timestamp":"2026-03-17T21:44:39.234634Z","level":"info","event":"+---------------+-----------+------------+--------------+","logger":"airflow.task.hooks.airflow.providers.standard.hooks.subprocess.SubprocessHook","filename":"subprocess.py","lineno":99}
{"timestamp":"2026-03-17T21:44:39.234668Z","level":"info","event":"","logger":"airflow.task.hooks.airflow.providers.standard.hooks.subprocess.SubprocessHook","filename":"subprocess.py","lineno":99}
{"timestamp":"2026-03-17T21:44:39.234694Z","level":"info","event":"Region sales:","logger":"airflow.task.hooks.airflow.providers.standard.hooks.subprocess.SubprocessHook","filename":"subprocess.py","lineno":99}
{"timestamp":"2026-03-17T21:44:39.234740Z","level":"info","event":"+-------+-----------+------------+--------------+","logger":"airflow.task.hooks.airflow.providers.standard.hooks.subprocess.SubprocessHook","filename":"subprocess.py","lineno":99}
{"timestamp":"2026-03-17T21:44:39.234767Z","level":"info","event":"| region|total_sales|total_profit|total_quantity|","logger":"airflow.task.hooks.airflow.providers.standard.hooks.subprocess.SubprocessHook","filename":"subprocess.py","lineno":99}
{"timestamp":"2026-03-17T21:44:39.234793Z","level":"info","event":"+-------+-----------+------------+--------------+","logger":"airflow.task.hooks.airflow.providers.standard.hooks.subprocess.SubprocessHook","filename":"subprocess.py","lineno":99}
{"timestamp":"2026-03-17T21:44:39.234819Z","level":"info","event":"|Central|      780.0|       110.0|            16|","logger":"airflow.task.hooks.airflow.providers.standard.hooks.subprocess.SubprocessHook","filename":"subprocess.py","lineno":99}
{"timestamp":"2026-03-17T21:44:39.234845Z","level":"info","event":"|   East|     1150.0|       210.0|            14|","logger":"airflow.task.hooks.airflow.providers.standard.hooks.subprocess.SubprocessHook","filename":"subprocess.py","lineno":99}
{"timestamp":"2026-03-17T21:44:39.234870Z","level":"info","event":"|  South|     1680.0|       295.0|            17|","logger":"airflow.task.hooks.airflow.providers.standard.hooks.subprocess.SubprocessHook","filename":"subprocess.py","lineno":99}
{"timestamp":"2026-03-17T21:44:39.234894Z","level":"info","event":"|   West|     3700.0|       840.0|            10|","logger":"airflow.task.hooks.airflow.providers.standard.hooks.subprocess.SubprocessHook","filename":"subprocess.py","lineno":99}
{"timestamp":"2026-03-17T21:44:39.234946Z","level":"info","event":"+-------+-----------+------------+--------------+","logger":"airflow.task.hooks.airflow.providers.standard.hooks.subprocess.SubprocessHook","filename":"subprocess.py","lineno":99}
{"timestamp":"2026-03-17T21:44:39.235240Z","level":"info","event":"","logger":"airflow.task.hooks.airflow.providers.standard.hooks.subprocess.SubprocessHook","filename":"subprocess.py","lineno":99}
{"timestamp":"2026-03-17T21:44:39.235299Z","level":"info","event":"Curated aggregate tables written to data/curated/","logger":"airflow.task.hooks.airflow.providers.standard.hooks.subprocess.SubprocessHook","filename":"subprocess.py","lineno":99}
{"timestamp":"2026-03-17T21:44:39.684175Z","level":"info","event":"Command exited with return code 0","logger":"airflow.task.hooks.airflow.providers.standard.hooks.subprocess.SubprocessHook","filename":"subprocess.py","lineno":103}
{"timestamp":"2026-03-17T21:44:39.684488Z","level":"info","event":"Pushing xcom","ti":"RuntimeTaskInstance(id=UUID('019cfdc1-e380-7235-b8a5-57a37da99c9d'), task_id='build_aggregates', dag_id='retail_etl_pipeline', run_id='manual__2026-03-17T21:44:28.261982+00:00', try_number=1, dag_version_id=UUID('019cfdc1-9f18-7fa9-8790-00789a876ab0'), map_index=-1, hostname='540a2dc1753c', context_carrier={}, task=<Task(BashOperator): build_aggregates>, bundle_instance=LocalDagBundle(name=dags-folder), max_tries=0, start_date=datetime.datetime(2026, 3, 17, 21, 44, 35, 168377, tzinfo=datetime.timezone.utc), end_date=None, state=<TaskInstanceState.RUNNING: 'running'>, is_mapped=False, rendered_map_index=None)","logger":"task","filename":"task_runner.py","lineno":1573}
